::1 - - [04/Nov/2020:12:03:45 +0000] "GET / HTTP/1.1" 404 139 "-" "Mozilla/5.0 (Windows NT 10.0; Win64; x64) AppleWebKit/537.36 (KHTML, like Gecko) Chrome/86.0.4240.183 Safari/537.36"
::1 - - [04/Nov/2020:12:03:45 +0000] "GET / HTTP/1.1" 404 139 "-" "Mozilla/5.0 (Windows NT 10.0; Win64; x64) AppleWebKit/537.36 (KHTML, like Gecko) Chrome/86.0.4240.183 Safari/537.36"
::1 - - [04/Nov/2020:12:03:46 +0000] "GET / HTTP/1.1" 404 139 "-" "Mozilla/5.0 (Windows NT 10.0; Win64; x64) AppleWebKit/537.36 (KHTML, like Gecko) Chrome/86.0.4240.183 Safari/537.36"
::1 - - [04/Nov/2020:12:08:15 +0000] "POST /api/register HTTP/1.1" 400 43 "http://localhost:8000/" "Mozilla/5.0 (Windows NT 10.0; Win64; x64) AppleWebKit/537.36 (KHTML, like Gecko) Chrome/86.0.4240.183 Safari/537.36"
::1 - - [04/Nov/2020:12:08:44 +0000] "POST /api/register HTTP/1.1" 400 43 "http://localhost:8000/" "Mozilla/5.0 (Windows NT 10.0; Win64; x64) AppleWebKit/537.36 (KHTML, like Gecko) Chrome/86.0.4240.183 Safari/537.36"
::1 - - [04/Nov/2020:12:08:45 +0000] "POST /api/register HTTP/1.1" 400 43 "http://localhost:8000/" "Mozilla/5.0 (Windows NT 10.0; Win64; x64) AppleWebKit/537.36 (KHTML, like Gecko) Chrome/86.0.4240.183 Safari/537.36"
::1 - - [04/Nov/2020:12:08:45 +0000] "POST /api/register HTTP/1.1" 400 43 "http://localhost:8000/" "Mozilla/5.0 (Windows NT 10.0; Win64; x64) AppleWebKit/537.36 (KHTML, like Gecko) Chrome/86.0.4240.183 Safari/537.36"
::1 - - [04/Nov/2020:12:08:45 +0000] "POST /api/register HTTP/1.1" 400 43 "http://localhost:8000/" "Mozilla/5.0 (Windows NT 10.0; Win64; x64) AppleWebKit/537.36 (KHTML, like Gecko) Chrome/86.0.4240.183 Safari/537.36"
::1 - - [04/Nov/2020:12:17:03 +0000] "POST /api/register HTTP/1.1" 400 43 "http://localhost:8000/" "Mozilla/5.0 (Windows NT 10.0; Win64; x64) AppleWebKit/537.36 (KHTML, like Gecko) Chrome/86.0.4240.183 Safari/537.36"
::1 - - [04/Nov/2020:12:17:09 +0000] "POST /api/register HTTP/1.1" 400 43 "http://localhost:8000/" "Mozilla/5.0 (Windows NT 10.0; Win64; x64) AppleWebKit/537.36 (KHTML, like Gecko) Chrome/86.0.4240.183 Safari/537.36"
::1 - - [04/Nov/2020:12:17:09 +0000] "POST /api/register HTTP/1.1" 400 43 "http://localhost:8000/" "Mozilla/5.0 (Windows NT 10.0; Win64; x64) AppleWebKit/537.36 (KHTML, like Gecko) Chrome/86.0.4240.183 Safari/537.36"
::1 - - [04/Nov/2020:12:17:09 +0000] "POST /api/register HTTP/1.1" 400 43 "http://localhost:8000/" "Mozilla/5.0 (Windows NT 10.0; Win64; x64) AppleWebKit/537.36 (KHTML, like Gecko) Chrome/86.0.4240.183 Safari/537.36"
::1 - - [04/Nov/2020:12:17:09 +0000] "POST /api/register HTTP/1.1" 400 43 "http://localhost:8000/" "Mozilla/5.0 (Windows NT 10.0; Win64; x64) AppleWebKit/537.36 (KHTML, like Gecko) Chrome/86.0.4240.183 Safari/537.36"
::1 - - [04/Nov/2020:12:17:09 +0000] "POST /api/register HTTP/1.1" 400 43 "http://localhost:8000/" "Mozilla/5.0 (Windows NT 10.0; Win64; x64) AppleWebKit/537.36 (KHTML, like Gecko) Chrome/86.0.4240.183 Safari/537.36"
::1 - - [04/Nov/2020:12:17:10 +0000] "POST /api/register HTTP/1.1" 400 43 "http://localhost:8000/" "Mozilla/5.0 (Windows NT 10.0; Win64; x64) AppleWebKit/537.36 (KHTML, like Gecko) Chrome/86.0.4240.183 Safari/537.36"
::1 - - [04/Nov/2020:12:17:10 +0000] "POST /api/register HTTP/1.1" 400 43 "http://localhost:8000/" "Mozilla/5.0 (Windows NT 10.0; Win64; x64) AppleWebKit/537.36 (KHTML, like Gecko) Chrome/86.0.4240.183 Safari/537.36"
::1 - - [04/Nov/2020:12:17:10 +0000] "POST /api/register HTTP/1.1" 400 43 "http://localhost:8000/" "Mozilla/5.0 (Windows NT 10.0; Win64; x64) AppleWebKit/537.36 (KHTML, like Gecko) Chrome/86.0.4240.183 Safari/537.36"
::1 - - [04/Nov/2020:12:17:10 +0000] "POST /api/register HTTP/1.1" 400 43 "http://localhost:8000/" "Mozilla/5.0 (Windows NT 10.0; Win64; x64) AppleWebKit/537.36 (KHTML, like Gecko) Chrome/86.0.4240.183 Safari/537.36"
::1 - - [04/Nov/2020:12:17:10 +0000] "POST /api/register HTTP/1.1" 400 43 "http://localhost:8000/" "Mozilla/5.0 (Windows NT 10.0; Win64; x64) AppleWebKit/537.36 (KHTML, like Gecko) Chrome/86.0.4240.183 Safari/537.36"
::1 - - [04/Nov/2020:12:17:10 +0000] "POST /api/register HTTP/1.1" 400 43 "http://localhost:8000/" "Mozilla/5.0 (Windows NT 10.0; Win64; x64) AppleWebKit/537.36 (KHTML, like Gecko) Chrome/86.0.4240.183 Safari/537.36"
::1 - - [04/Nov/2020:12:17:57 +0000] "POST /api/register HTTP/1.1" 400 43 "http://localhost:8000/" "Mozilla/5.0 (Windows NT 10.0; Win64; x64) AppleWebKit/537.36 (KHTML, like Gecko) Chrome/86.0.4240.183 Safari/537.36"
::1 - - [04/Nov/2020:12:20:05 +0000] "POST /api/login HTTP/1.1" - - "http://localhost:8000/" "Mozilla/5.0 (Windows NT 10.0; Win64; x64) AppleWebKit/537.36 (KHTML, like Gecko) Chrome/86.0.4240.183 Safari/537.36"
::1 - - [04/Nov/2020:12:31:23 +0000] "POST /api/login HTTP/1.1" 400 57 "http://localhost:8000/" "Mozilla/5.0 (Windows NT 10.0; Win64; x64) AppleWebKit/537.36 (KHTML, like Gecko) Chrome/86.0.4240.183 Safari/537.36"
::1 - - [04/Nov/2020:12:31:29 +0000] "POST /api/login HTTP/1.1" 400 38 "http://localhost:8000/" "Mozilla/5.0 (Windows NT 10.0; Win64; x64) AppleWebKit/537.36 (KHTML, like Gecko) Chrome/86.0.4240.183 Safari/537.36"
::1 - - [04/Nov/2020:12:31:36 +0000] "POST /api/login HTTP/1.1" 400 32 "http://localhost:8000/" "Mozilla/5.0 (Windows NT 10.0; Win64; x64) AppleWebKit/537.36 (KHTML, like Gecko) Chrome/86.0.4240.183 Safari/537.36"
::1 - - [04/Nov/2020:12:31:39 +0000] "POST /api/login HTTP/1.1" 400 32 "http://localhost:8000/" "Mozilla/5.0 (Windows NT 10.0; Win64; x64) AppleWebKit/537.36 (KHTML, like Gecko) Chrome/86.0.4240.183 Safari/537.36"
::1 - - [04/Nov/2020:12:31:39 +0000] "POST /api/login HTTP/1.1" 400 32 "http://localhost:8000/" "Mozilla/5.0 (Windows NT 10.0; Win64; x64) AppleWebKit/537.36 (KHTML, like Gecko) Chrome/86.0.4240.183 Safari/537.36"
::1 - - [04/Nov/2020:12:31:39 +0000] "POST /api/login HTTP/1.1" 400 32 "http://localhost:8000/" "Mozilla/5.0 (Windows NT 10.0; Win64; x64) AppleWebKit/537.36 (KHTML, like Gecko) Chrome/86.0.4240.183 Safari/537.36"
::1 - - [04/Nov/2020:12:31:39 +0000] "POST /api/login HTTP/1.1" 400 32 "http://localhost:8000/" "Mozilla/5.0 (Windows NT 10.0; Win64; x64) AppleWebKit/537.36 (KHTML, like Gecko) Chrome/86.0.4240.183 Safari/537.36"
::1 - - [04/Nov/2020:12:31:39 +0000] "POST /api/login HTTP/1.1" 400 32 "http://localhost:8000/" "Mozilla/5.0 (Windows NT 10.0; Win64; x64) AppleWebKit/537.36 (KHTML, like Gecko) Chrome/86.0.4240.183 Safari/537.36"
::1 - - [04/Nov/2020:12:31:40 +0000] "POST /api/login HTTP/1.1" 400 32 "http://localhost:8000/" "Mozilla/5.0 (Windows NT 10.0; Win64; x64) AppleWebKit/537.36 (KHTML, like Gecko) Chrome/86.0.4240.183 Safari/537.36"
::1 - - [04/Nov/2020:12:31:40 +0000] "POST /api/login HTTP/1.1" 400 32 "http://localhost:8000/" "Mozilla/5.0 (Windows NT 10.0; Win64; x64) AppleWebKit/537.36 (KHTML, like Gecko) Chrome/86.0.4240.183 Safari/537.36"
::1 - - [04/Nov/2020:12:31:47 +0000] "POST /api/login HTTP/1.1" 400 32 "http://localhost:8000/" "Mozilla/5.0 (Windows NT 10.0; Win64; x64) AppleWebKit/537.36 (KHTML, like Gecko) Chrome/86.0.4240.183 Safari/537.36"
::1 - - [04/Nov/2020:12:32:02 +0000] "POST /api/login HTTP/1.1" 200 231 "http://localhost:8000/" "Mozilla/5.0 (Windows NT 10.0; Win64; x64) AppleWebKit/537.36 (KHTML, like Gecko) Chrome/86.0.4240.183 Safari/537.36"
::1 - - [04/Nov/2020:12:32:08 +0000] "POST /api/login HTTP/1.1" 200 231 "http://localhost:8000/" "Mozilla/5.0 (Windows NT 10.0; Win64; x64) AppleWebKit/537.36 (KHTML, like Gecko) Chrome/86.0.4240.183 Safari/537.36"
::1 - - [04/Nov/2020:12:32:24 +0000] "POST /api/login HTTP/1.1" 200 231 "http://localhost:8000/" "Mozilla/5.0 (Windows NT 10.0; Win64; x64) AppleWebKit/537.36 (KHTML, like Gecko) Chrome/86.0.4240.183 Safari/537.36"
::1 - - [04/Nov/2020:12:45:17 +0000] "GET /api/user/5f6a008f5c5eb91f64a648ce HTTP/1.1" 304 - "http://localhost:8000/" "Mozilla/5.0 (Windows NT 10.0; Win64; x64) AppleWebKit/537.36 (KHTML, like Gecko) Chrome/86.0.4240.183 Safari/537.36"
::1 - - [04/Nov/2020:12:45:26 +0000] "PUT /api/user/5f6a008f5c5eb91f64a648ce HTTP/1.1" 400 48 "http://localhost:8000/" "Mozilla/5.0 (Windows NT 10.0; Win64; x64) AppleWebKit/537.36 (KHTML, like Gecko) Chrome/86.0.4240.183 Safari/537.36"
::ffff:127.0.0.1 - - [04/Nov/2020:13:05:36 +0000] "PUT /api/user/5f6a008f5c5eb91f64a648ce HTTP/1.1" 400 48 "http://localhost:8000/" "Mozilla/5.0 (Windows NT 10.0; Win64; x64) AppleWebKit/537.36 (KHTML, like Gecko) Chrome/86.0.4240.183 Safari/537.36"
::ffff:127.0.0.1 - - [04/Nov/2020:13:05:37 +0000] "PUT /api/user/5f6a008f5c5eb91f64a648ce HTTP/1.1" 400 48 "http://localhost:8000/" "Mozilla/5.0 (Windows NT 10.0; Win64; x64) AppleWebKit/537.36 (KHTML, like Gecko) Chrome/86.0.4240.183 Safari/537.36"
::ffff:127.0.0.1 - - [04/Nov/2020:13:05:39 +0000] "PUT /api/user/5f6a008f5c5eb91f64a648ce HTTP/1.1" 400 48 "http://localhost:8000/" "Mozilla/5.0 (Windows NT 10.0; Win64; x64) AppleWebKit/537.36 (KHTML, like Gecko) Chrome/86.0.4240.183 Safari/537.36"
::ffff:127.0.0.1 - - [04/Nov/2020:13:05:40 +0000] "PUT /api/user/5f6a008f5c5eb91f64a648ce HTTP/1.1" 400 48 "http://localhost:8000/" "Mozilla/5.0 (Windows NT 10.0; Win64; x64) AppleWebKit/537.36 (KHTML, like Gecko) Chrome/86.0.4240.183 Safari/537.36"
::ffff:127.0.0.1 - - [04/Nov/2020:13:05:41 +0000] "PUT /api/user/5f6a008f5c5eb91f64a648ce HTTP/1.1" 400 48 "http://localhost:8000/" "Mozilla/5.0 (Windows NT 10.0; Win64; x64) AppleWebKit/537.36 (KHTML, like Gecko) Chrome/86.0.4240.183 Safari/537.36"
::ffff:127.0.0.1 - - [04/Nov/2020:13:05:43 +0000] "PUT /api/user/5f6a008f5c5eb91f64a648ce HTTP/1.1" 400 48 "http://localhost:8000/" "Mozilla/5.0 (Windows NT 10.0; Win64; x64) AppleWebKit/537.36 (KHTML, like Gecko) Chrome/86.0.4240.183 Safari/537.36"
::1 - - [04/Nov/2020:13:06:01 +0000] "PUT /api/user/5f6a008f5c5eb91f64a648ce HTTP/1.1" 400 48 "-" "insomnia/2020.4.2"
::1 - - [04/Nov/2020:13:06:02 +0000] "PUT /api/user/5f6a008f5c5eb91f64a648ce HTTP/1.1" 400 48 "-" "insomnia/2020.4.2"
::1 - - [04/Nov/2020:13:06:03 +0000] "PUT /api/user/5f6a008f5c5eb91f64a648ce HTTP/1.1" 400 48 "-" "insomnia/2020.4.2"
::1 - - [04/Nov/2020:13:06:03 +0000] "PUT /api/user/5f6a008f5c5eb91f64a648ce HTTP/1.1" 400 48 "-" "insomnia/2020.4.2"
::1 - - [04/Nov/2020:13:06:03 +0000] "PUT /api/user/5f6a008f5c5eb91f64a648ce HTTP/1.1" 400 48 "-" "insomnia/2020.4.2"
::1 - - [04/Nov/2020:13:06:03 +0000] "PUT /api/user/5f6a008f5c5eb91f64a648ce HTTP/1.1" 400 48 "-" "insomnia/2020.4.2"
::1 - - [04/Nov/2020:13:06:04 +0000] "PUT /api/user/5f6a008f5c5eb91f64a648ce HTTP/1.1" 400 48 "-" "insomnia/2020.4.2"
::1 - - [04/Nov/2020:13:06:04 +0000] "PUT /api/user/5f6a008f5c5eb91f64a648ce HTTP/1.1" 400 48 "-" "insomnia/2020.4.2"
::1 - - [04/Nov/2020:13:06:05 +0000] "PUT /api/user/5f6a008f5c5eb91f64a648ce HTTP/1.1" 400 48 "-" "insomnia/2020.4.2"
::1 - - [04/Nov/2020:13:07:03 +0000] "PUT /api/user/5f6a008f5c5eb91f64a648ce HTTP/1.1" - - "-" "insomnia/2020.4.2"
::1 - - [04/Nov/2020:13:07:10 +0000] "PUT /api/user/5f6a008f5c5eb91f64a648ce HTTP/1.1" 400 56 "-" "insomnia/2020.4.2"
::1 - - [04/Nov/2020:13:07:22 +0000] "PUT /api/user/5f6a008f5c5eb91f64a648ce HTTP/1.1" 400 39 "-" "insomnia/2020.4.2"
::1 - - [04/Nov/2020:13:11:20 +0000] "PUT /api/user/5f6a008f5c5eb91f64a648ce HTTP/1.1" 200 90 "-" "insomnia/2020.4.2"
::1 - - [04/Nov/2020:13:13:11 +0000] "PUT /api/user/5f6a008f5c5eb91f64a648ce HTTP/1.1" 200 90 "-" "insomnia/2020.4.2"
::1 - - [04/Nov/2020:13:13:45 +0000] "PUT /api/user/5f6a008f5c5eb91f64a648ce HTTP/1.1" 400 48 "http://localhost:8000/" "Mozilla/5.0 (Windows NT 10.0; Win64; x64) AppleWebKit/537.36 (KHTML, like Gecko) Chrome/86.0.4240.183 Safari/537.36"
::1 - - [04/Nov/2020:13:13:48 +0000] "GET /api/user/5f6a008f5c5eb91f64a648ce HTTP/1.1" 200 244 "http://localhost:8000/" "Mozilla/5.0 (Windows NT 10.0; Win64; x64) AppleWebKit/537.36 (KHTML, like Gecko) Chrome/86.0.4240.183 Safari/537.36"
::1 - - [04/Nov/2020:13:13:51 +0000] "PUT /api/user/5f6a008f5c5eb91f64a648ce HTTP/1.1" 400 48 "http://localhost:8000/" "Mozilla/5.0 (Windows NT 10.0; Win64; x64) AppleWebKit/537.36 (KHTML, like Gecko) Chrome/86.0.4240.183 Safari/537.36"
::1 - - [04/Nov/2020:13:14:03 +0000] "PUT /api/user/5f6a008f5c5eb91f64a648ce HTTP/1.1" 400 95 "http://localhost:8000/" "Mozilla/5.0 (Windows NT 10.0; Win64; x64) AppleWebKit/537.36 (KHTML, like Gecko) Chrome/86.0.4240.183 Safari/537.36"
::1 - - [04/Nov/2020:13:15:06 +0000] "PUT /api/user/5f6a008f5c5eb91f64a648ce HTTP/1.1" 200 90 "http://localhost:8000/" "Mozilla/5.0 (Windows NT 10.0; Win64; x64) AppleWebKit/537.36 (KHTML, like Gecko) Chrome/86.0.4240.183 Safari/537.36"
::ffff:127.0.0.1 - - [04/Nov/2020:13:15:20 +0000] "PUT /api/user/5f6a008f5c5eb91f64a648ce HTTP/1.1" 400 48 "http://localhost:8000/" "Mozilla/5.0 (Windows NT 10.0; Win64; x64) AppleWebKit/537.36 (KHTML, like Gecko) Chrome/86.0.4240.183 Safari/537.36"
::ffff:127.0.0.1 - - [04/Nov/2020:13:15:24 +0000] "PUT /api/user/5f6a008f5c5eb91f64a648ce HTTP/1.1" 400 48 "http://localhost:8000/" "Mozilla/5.0 (Windows NT 10.0; Win64; x64) AppleWebKit/537.36 (KHTML, like Gecko) Chrome/86.0.4240.183 Safari/537.36"
::1 - - [04/Nov/2020:13:15:42 +0000] "PUT /api/user/5f6a008f5c5eb91f64a648ce HTTP/1.1" 200 90 "-" "insomnia/2020.4.2"
::1 - - [04/Nov/2020:13:15:47 +0000] "PUT /api/user/5f6a008f5c5eb91f64a648ce HTTP/1.1" 200 90 "-" "insomnia/2020.4.2"
::1 - - [04/Nov/2020:13:15:50 +0000] "PUT /api/user/5f6a008f5c5eb91f64a648ce HTTP/1.1" 400 48 "http://localhost:8000/" "Mozilla/5.0 (Windows NT 10.0; Win64; x64) AppleWebKit/537.36 (KHTML, like Gecko) Chrome/86.0.4240.183 Safari/537.36"
::1 - - [04/Nov/2020:13:15:51 +0000] "PUT /api/user/5f6a008f5c5eb91f64a648ce HTTP/1.1" 400 48 "http://localhost:8000/" "Mozilla/5.0 (Windows NT 10.0; Win64; x64) AppleWebKit/537.36 (KHTML, like Gecko) Chrome/86.0.4240.183 Safari/537.36"
::1 - - [04/Nov/2020:13:15:51 +0000] "PUT /api/user/5f6a008f5c5eb91f64a648ce HTTP/1.1" 400 48 "http://localhost:8000/" "Mozilla/5.0 (Windows NT 10.0; Win64; x64) AppleWebKit/537.36 (KHTML, like Gecko) Chrome/86.0.4240.183 Safari/537.36"
::1 - - [04/Nov/2020:13:15:51 +0000] "PUT /api/user/5f6a008f5c5eb91f64a648ce HTTP/1.1" 400 48 "http://localhost:8000/" "Mozilla/5.0 (Windows NT 10.0; Win64; x64) AppleWebKit/537.36 (KHTML, like Gecko) Chrome/86.0.4240.183 Safari/537.36"
::1 - - [04/Nov/2020:13:15:52 +0000] "PUT /api/user/5f6a008f5c5eb91f64a648ce HTTP/1.1" 400 48 "http://localhost:8000/" "Mozilla/5.0 (Windows NT 10.0; Win64; x64) AppleWebKit/537.36 (KHTML, like Gecko) Chrome/86.0.4240.183 Safari/537.36"
::1 - - [04/Nov/2020:13:15:52 +0000] "PUT /api/user/5f6a008f5c5eb91f64a648ce HTTP/1.1" 400 48 "http://localhost:8000/" "Mozilla/5.0 (Windows NT 10.0; Win64; x64) AppleWebKit/537.36 (KHTML, like Gecko) Chrome/86.0.4240.183 Safari/537.36"
::1 - - [04/Nov/2020:13:15:59 +0000] "PUT /api/user/5f6a008f5c5eb91f64a648ce HTTP/1.1" 400 48 "http://localhost:8000/" "Mozilla/5.0 (Windows NT 10.0; Win64; x64) AppleWebKit/537.36 (KHTML, like Gecko) Chrome/86.0.4240.183 Safari/537.36"
::1 - - [04/Nov/2020:13:16:13 +0000] "PUT /api/user/5f6a008f5c5eb91f64a648ce HTTP/1.1" 400 48 "http://localhost:8000/" "Mozilla/5.0 (Windows NT 10.0; Win64; x64) AppleWebKit/537.36 (KHTML, like Gecko) Chrome/86.0.4240.183 Safari/537.36"
::1 - - [04/Nov/2020:13:16:13 +0000] "PUT /api/user/5f6a008f5c5eb91f64a648ce HTTP/1.1" 400 48 "http://localhost:8000/" "Mozilla/5.0 (Windows NT 10.0; Win64; x64) AppleWebKit/537.36 (KHTML, like Gecko) Chrome/86.0.4240.183 Safari/537.36"
::1 - - [04/Nov/2020:13:16:13 +0000] "PUT /api/user/5f6a008f5c5eb91f64a648ce HTTP/1.1" 400 48 "http://localhost:8000/" "Mozilla/5.0 (Windows NT 10.0; Win64; x64) AppleWebKit/537.36 (KHTML, like Gecko) Chrome/86.0.4240.183 Safari/537.36"
::1 - - [04/Nov/2020:13:16:13 +0000] "PUT /api/user/5f6a008f5c5eb91f64a648ce HTTP/1.1" 400 48 "http://localhost:8000/" "Mozilla/5.0 (Windows NT 10.0; Win64; x64) AppleWebKit/537.36 (KHTML, like Gecko) Chrome/86.0.4240.183 Safari/537.36"
::1 - - [04/Nov/2020:13:16:13 +0000] "PUT /api/user/5f6a008f5c5eb91f64a648ce HTTP/1.1" 400 48 "http://localhost:8000/" "Mozilla/5.0 (Windows NT 10.0; Win64; x64) AppleWebKit/537.36 (KHTML, like Gecko) Chrome/86.0.4240.183 Safari/537.36"
::1 - - [04/Nov/2020:13:16:14 +0000] "PUT /api/user/5f6a008f5c5eb91f64a648ce HTTP/1.1" 400 48 "http://localhost:8000/" "Mozilla/5.0 (Windows NT 10.0; Win64; x64) AppleWebKit/537.36 (KHTML, like Gecko) Chrome/86.0.4240.183 Safari/537.36"
::1 - - [04/Nov/2020:13:16:14 +0000] "PUT /api/user/5f6a008f5c5eb91f64a648ce HTTP/1.1" 400 48 "http://localhost:8000/" "Mozilla/5.0 (Windows NT 10.0; Win64; x64) AppleWebKit/537.36 (KHTML, like Gecko) Chrome/86.0.4240.183 Safari/537.36"
::1 - - [04/Nov/2020:13:16:21 +0000] "PUT /api/user/5f6a008f5c5eb91f64a648ce HTTP/1.1" 400 48 "http://localhost:8000/" "Mozilla/5.0 (Windows NT 10.0; Win64; x64) AppleWebKit/537.36 (KHTML, like Gecko) Chrome/86.0.4240.183 Safari/537.36"
::1 - - [04/Nov/2020:13:16:22 +0000] "PUT /api/user/5f6a008f5c5eb91f64a648ce HTTP/1.1" 400 48 "http://localhost:8000/" "Mozilla/5.0 (Windows NT 10.0; Win64; x64) AppleWebKit/537.36 (KHTML, like Gecko) Chrome/86.0.4240.183 Safari/537.36"
::1 - - [04/Nov/2020:13:16:22 +0000] "PUT /api/user/5f6a008f5c5eb91f64a648ce HTTP/1.1" 400 48 "http://localhost:8000/" "Mozilla/5.0 (Windows NT 10.0; Win64; x64) AppleWebKit/537.36 (KHTML, like Gecko) Chrome/86.0.4240.183 Safari/537.36"
::1 - - [04/Nov/2020:13:16:22 +0000] "PUT /api/user/5f6a008f5c5eb91f64a648ce HTTP/1.1" 400 48 "http://localhost:8000/" "Mozilla/5.0 (Windows NT 10.0; Win64; x64) AppleWebKit/537.36 (KHTML, like Gecko) Chrome/86.0.4240.183 Safari/537.36"
::1 - - [04/Nov/2020:13:16:22 +0000] "PUT /api/user/5f6a008f5c5eb91f64a648ce HTTP/1.1" 400 48 "http://localhost:8000/" "Mozilla/5.0 (Windows NT 10.0; Win64; x64) AppleWebKit/537.36 (KHTML, like Gecko) Chrome/86.0.4240.183 Safari/537.36"
::1 - - [04/Nov/2020:13:16:22 +0000] "PUT /api/user/5f6a008f5c5eb91f64a648ce HTTP/1.1" 400 48 "http://localhost:8000/" "Mozilla/5.0 (Windows NT 10.0; Win64; x64) AppleWebKit/537.36 (KHTML, like Gecko) Chrome/86.0.4240.183 Safari/537.36"
::1 - - [04/Nov/2020:13:16:22 +0000] "PUT /api/user/5f6a008f5c5eb91f64a648ce HTTP/1.1" 400 48 "http://localhost:8000/" "Mozilla/5.0 (Windows NT 10.0; Win64; x64) AppleWebKit/537.36 (KHTML, like Gecko) Chrome/86.0.4240.183 Safari/537.36"
::1 - - [04/Nov/2020:13:16:25 +0000] "PUT /api/user/5f6a008f5c5eb91f64a648ce HTTP/1.1" 200 90 "-" "insomnia/2020.4.2"
::1 - - [04/Nov/2020:13:16:33 +0000] "PUT /api/user/5f6a008f5c5eb91f64a648ce HTTP/1.1" 200 90 "-" "insomnia/2020.4.2"
::1 - - [04/Nov/2020:13:17:08 +0000] "PUT /api/user/5f6a008f5c5eb91f64a648ce HTTP/1.1" 400 48 "http://localhost:8000/" "Mozilla/5.0 (Windows NT 10.0; Win64; x64) AppleWebKit/537.36 (KHTML, like Gecko) Chrome/86.0.4240.183 Safari/537.36"
::1 - - [04/Nov/2020:13:17:14 +0000] "PUT /api/user/5f6a008f5c5eb91f64a648ce HTTP/1.1" 200 90 "http://localhost:8000/" "Mozilla/5.0 (Windows NT 10.0; Win64; x64) AppleWebKit/537.36 (KHTML, like Gecko) Chrome/86.0.4240.183 Safari/537.36"
::1 - - [04/Nov/2020:13:17:33 +0000] "PUT /api/user/5f6a008f5c5eb91f64a648ce HTTP/1.1" 400 95 "http://localhost:8000/" "Mozilla/5.0 (Windows NT 10.0; Win64; x64) AppleWebKit/537.36 (KHTML, like Gecko) Chrome/86.0.4240.183 Safari/537.36"
::1 - - [04/Nov/2020:13:18:02 +0000] "PUT /api/user/5f6a008f5c5eb91f64a648ce HTTP/1.1" 400 95 "http://localhost:8000/" "Mozilla/5.0 (Windows NT 10.0; Win64; x64) AppleWebKit/537.36 (KHTML, like Gecko) Chrome/86.0.4240.183 Safari/537.36"
::1 - - [04/Nov/2020:13:19:14 +0000] "PUT /api/user/5f6a008f5c5eb91f64a648ce HTTP/1.1" 400 95 "http://localhost:8000/" "Mozilla/5.0 (Windows NT 10.0; Win64; x64) AppleWebKit/537.36 (KHTML, like Gecko) Chrome/86.0.4240.183 Safari/537.36"
::ffff:127.0.0.1 - - [04/Nov/2020:13:19:51 +0000] "PUT /api/user/5f6a008f5c5eb91f64a648ce HTTP/1.1" 400 95 "http://localhost:8000/" "Mozilla/5.0 (Windows NT 10.0; Win64; x64) AppleWebKit/537.36 (KHTML, like Gecko) Chrome/86.0.4240.183 Safari/537.36"
::1 - - [04/Nov/2020:13:20:04 +0000] "PUT /api/user/5f6a008f5c5eb91f64a648ce HTTP/1.1" 400 95 "http://localhost:8000/" "Mozilla/5.0 (Windows NT 10.0; Win64; x64) AppleWebKit/537.36 (KHTML, like Gecko) Chrome/86.0.4240.183 Safari/537.36"
::ffff:127.0.0.1 - - [04/Nov/2020:13:21:48 +0000] "PUT /api/user/5f6a008f5c5eb91f64a648ce HTTP/1.1" 400 56 "http://localhost:8000/" "Mozilla/5.0 (Windows NT 10.0; Win64; x64) AppleWebKit/537.36 (KHTML, like Gecko) Chrome/86.0.4240.183 Safari/537.36"
::ffff:127.0.0.1 - - [04/Nov/2020:13:21:48 +0000] "PUT /api/user/5f6a008f5c5eb91f64a648ce HTTP/1.1" 400 56 "http://localhost:8000/" "Mozilla/5.0 (Windows NT 10.0; Win64; x64) AppleWebKit/537.36 (KHTML, like Gecko) Chrome/86.0.4240.183 Safari/537.36"
::ffff:127.0.0.1 - - [04/Nov/2020:13:21:51 +0000] "PUT /api/user/5f6a008f5c5eb91f64a648ce HTTP/1.1" 400 56 "http://localhost:8000/" "Mozilla/5.0 (Windows NT 10.0; Win64; x64) AppleWebKit/537.36 (KHTML, like Gecko) Chrome/86.0.4240.183 Safari/537.36"
::1 - - [04/Nov/2020:13:22:03 +0000] "PUT /api/user/5f6a008f5c5eb91f64a648ce HTTP/1.1" 400 56 "http://localhost:8000/" "Mozilla/5.0 (Windows NT 10.0; Win64; x64) AppleWebKit/537.36 (KHTML, like Gecko) Chrome/86.0.4240.183 Safari/537.36"
::1 - - [04/Nov/2020:13:22:04 +0000] "PUT /api/user/5f6a008f5c5eb91f64a648ce HTTP/1.1" 400 56 "http://localhost:8000/" "Mozilla/5.0 (Windows NT 10.0; Win64; x64) AppleWebKit/537.36 (KHTML, like Gecko) Chrome/86.0.4240.183 Safari/537.36"
::1 - - [04/Nov/2020:13:22:05 +0000] "PUT /api/user/5f6a008f5c5eb91f64a648ce HTTP/1.1" 400 56 "http://localhost:8000/" "Mozilla/5.0 (Windows NT 10.0; Win64; x64) AppleWebKit/537.36 (KHTML, like Gecko) Chrome/86.0.4240.183 Safari/537.36"
::1 - - [04/Nov/2020:13:22:19 +0000] "PUT /api/user/5f6a008f5c5eb91f64a648ce HTTP/1.1" 200 90 "http://localhost:8000/" "Mozilla/5.0 (Windows NT 10.0; Win64; x64) AppleWebKit/537.36 (KHTML, like Gecko) Chrome/86.0.4240.183 Safari/537.36"
::1 - - [04/Nov/2020:13:22:27 +0000] "GET /api/user/5f6a008f5c5eb91f64a648ce HTTP/1.1" 200 244 "http://localhost:8000/" "Mozilla/5.0 (Windows NT 10.0; Win64; x64) AppleWebKit/537.36 (KHTML, like Gecko) Chrome/86.0.4240.183 Safari/537.36"
::1 - - [04/Nov/2020:13:23:15 +0000] "PUT /api/user/5f6a008f5c5eb91f64a648ce HTTP/1.1" 400 48 "http://localhost:8000/" "Mozilla/5.0 (Windows NT 10.0; Win64; x64) AppleWebKit/537.36 (KHTML, like Gecko) Chrome/86.0.4240.183 Safari/537.36"
::1 - - [04/Nov/2020:13:23:16 +0000] "PUT /api/user/5f6a008f5c5eb91f64a648ce HTTP/1.1" 400 48 "http://localhost:8000/" "Mozilla/5.0 (Windows NT 10.0; Win64; x64) AppleWebKit/537.36 (KHTML, like Gecko) Chrome/86.0.4240.183 Safari/537.36"
::1 - - [04/Nov/2020:13:23:28 +0000] "PUT /api/user/5f6a008f5c5eb91f64a648ce HTTP/1.1" 200 90 "-" "insomnia/2020.4.2"
::1 - - [04/Nov/2020:13:23:32 +0000] "PUT /api/user/5f6a008f5c5eb91f64a648ce HTTP/1.1" 200 90 "-" "insomnia/2020.4.2"
::1 - - [04/Nov/2020:13:23:33 +0000] "PUT /api/user/5f6a008f5c5eb91f64a648ce HTTP/1.1" 200 90 "-" "insomnia/2020.4.2"
::1 - - [04/Nov/2020:13:25:01 +0000] "PUT /api/user/5f6a008f5c5eb91f64a648ce HTTP/1.1" 400 95 "-" "insomnia/2020.4.2"
::1 - - [04/Nov/2020:13:31:34 +0000] "PUT /api/user/5f6a008f5c5eb91f64a648ce HTTP/1.1" 400 187 "-" "insomnia/2020.4.2"
::1 - - [04/Nov/2020:13:31:43 +0000] "PUT /api/user/5f6a008f5c5eb91f64a648ce HTTP/1.1" 400 77 "http://localhost:8000/" "Mozilla/5.0 (Windows NT 10.0; Win64; x64) AppleWebKit/537.36 (KHTML, like Gecko) Chrome/86.0.4240.183 Safari/537.36"
::1 - - [04/Nov/2020:13:31:47 +0000] "PUT /api/user/5f6a008f5c5eb91f64a648ce HTTP/1.1" 400 30 "http://localhost:8000/" "Mozilla/5.0 (Windows NT 10.0; Win64; x64) AppleWebKit/537.36 (KHTML, like Gecko) Chrome/86.0.4240.183 Safari/537.36"
::1 - - [04/Nov/2020:13:31:54 +0000] "PUT /api/user/5f6a008f5c5eb91f64a648ce HTTP/1.1" 400 95 "http://localhost:8000/" "Mozilla/5.0 (Windows NT 10.0; Win64; x64) AppleWebKit/537.36 (KHTML, like Gecko) Chrome/86.0.4240.183 Safari/537.36"
::1 - - [04/Nov/2020:13:37:17 +0000] "PUT /api/user/5f6a008f5c5eb91f64a648ce HTTP/1.1" 400 187 "-" "insomnia/2020.4.2"
::1 - - [04/Nov/2020:13:37:32 +0000] "PUT /api/user/5f6a008f5c5eb91f64a648ce HTTP/1.1" 400 187 "-" "insomnia/2020.4.2"
::1 - - [04/Nov/2020:13:37:40 +0000] "PUT /api/user/5f6a008f5c5eb91f64a648ce HTTP/1.1" 400 187 "-" "insomnia/2020.4.2"
::1 - - [04/Nov/2020:13:40:29 +0000] "PUT /api/user/5f6a008f5c5eb91f64a648ce HTTP/1.1" 200 90 "http://localhost:8000/" "Mozilla/5.0 (Windows NT 10.0; Win64; x64) AppleWebKit/537.36 (KHTML, like Gecko) Chrome/86.0.4240.183 Safari/537.36"
::ffff:127.0.0.1 - - [04/Nov/2020:13:40:34 +0000] "GET /api/user/5f6a008f5c5eb91f64a648ce HTTP/1.1" 200 255 "http://localhost:8000/" "Mozilla/5.0 (Windows NT 10.0; Win64; x64) AppleWebKit/537.36 (KHTML, like Gecko) Chrome/86.0.4240.183 Safari/537.36"
::ffff:127.0.0.1 - - [04/Nov/2020:13:40:36 +0000] "PUT /api/user/5f6a008f5c5eb91f64a648ce HTTP/1.1" 400 48 "http://localhost:8000/" "Mozilla/5.0 (Windows NT 10.0; Win64; x64) AppleWebKit/537.36 (KHTML, like Gecko) Chrome/86.0.4240.183 Safari/537.36"
::1 - - [04/Nov/2020:13:40:41 +0000] "PUT /api/user/5f6a008f5c5eb91f64a648ce HTTP/1.1" 200 90 "http://localhost:8000/" "Mozilla/5.0 (Windows NT 10.0; Win64; x64) AppleWebKit/537.36 (KHTML, like Gecko) Chrome/86.0.4240.183 Safari/537.36"
::1 - - [04/Nov/2020:13:41:14 +0000] "PUT /api/user/5f6a008f5c5eb91f64a648ce HTTP/1.1" 400 187 "http://localhost:8000/" "Mozilla/5.0 (Windows NT 10.0; Win64; x64) AppleWebKit/537.36 (KHTML, like Gecko) Chrome/86.0.4240.183 Safari/537.36"
::1 - - [04/Nov/2020:13:41:21 +0000] "GET /api/user/5f6a008f5c5eb91f64a648ce HTTP/1.1" 200 255 "http://localhost:8000/" "Mozilla/5.0 (Windows NT 10.0; Win64; x64) AppleWebKit/537.36 (KHTML, like Gecko) Chrome/86.0.4240.183 Safari/537.36"
::1 - - [04/Nov/2020:13:41:22 +0000] "PUT /api/user/5f6a008f5c5eb91f64a648ce HTTP/1.1" 400 48 "http://localhost:8000/" "Mozilla/5.0 (Windows NT 10.0; Win64; x64) AppleWebKit/537.36 (KHTML, like Gecko) Chrome/86.0.4240.183 Safari/537.36"
::1 - - [04/Nov/2020:13:41:27 +0000] "PUT /api/user/5f6a008f5c5eb91f64a648ce HTTP/1.1" 200 90 "http://localhost:8000/" "Mozilla/5.0 (Windows NT 10.0; Win64; x64) AppleWebKit/537.36 (KHTML, like Gecko) Chrome/86.0.4240.183 Safari/537.36"
::1 - - [04/Nov/2020:13:43:02 +0000] "PUT /api/user/5f6a008f5c5eb91f64a648ce HTTP/1.1" 400 187 "http://localhost:8000/" "Mozilla/5.0 (Windows NT 10.0; Win64; x64) AppleWebKit/537.36 (KHTML, like Gecko) Chrome/86.0.4240.183 Safari/537.36"
::1 - - [04/Nov/2020:13:43:03 +0000] "GET /api/user/5f6a008f5c5eb91f64a648ce HTTP/1.1" 200 255 "http://localhost:8000/" "Mozilla/5.0 (Windows NT 10.0; Win64; x64) AppleWebKit/537.36 (KHTML, like Gecko) Chrome/86.0.4240.183 Safari/537.36"
::1 - - [04/Nov/2020:13:43:08 +0000] "PUT /api/user/5f6a008f5c5eb91f64a648ce HTTP/1.1" 400 48 "http://localhost:8000/" "Mozilla/5.0 (Windows NT 10.0; Win64; x64) AppleWebKit/537.36 (KHTML, like Gecko) Chrome/86.0.4240.183 Safari/537.36"
::1 - - [04/Nov/2020:13:43:14 +0000] "PUT /api/user/5f6a008f5c5eb91f64a648ce HTTP/1.1" 200 90 "http://localhost:8000/" "Mozilla/5.0 (Windows NT 10.0; Win64; x64) AppleWebKit/537.36 (KHTML, like Gecko) Chrome/86.0.4240.183 Safari/537.36"
::1 - - [04/Nov/2020:13:43:18 +0000] "GET /api/user/5f6a008f5c5eb91f64a648ce HTTP/1.1" 200 261 "http://localhost:8000/" "Mozilla/5.0 (Windows NT 10.0; Win64; x64) AppleWebKit/537.36 (KHTML, like Gecko) Chrome/86.0.4240.183 Safari/537.36"
::1 - - [04/Nov/2020:16:38:31 +0000] "POST /api/register HTTP/1.1" 400 245 "http://localhost:8000/" "Mozilla/5.0 (Windows NT 10.0; Win64; x64) AppleWebKit/537.36 (KHTML, like Gecko) Chrome/86.0.4240.111 Safari/537.36"
::1 - - [04/Nov/2020:16:38:41 +0000] "GET /api/users HTTP/1.1" 304 - "http://localhost:8000/" "Mozilla/5.0 (Windows NT 10.0; Win64; x64) AppleWebKit/537.36 (KHTML, like Gecko) Chrome/86.0.4240.111 Safari/537.36"
::1 - - [04/Nov/2020:16:38:49 +0000] "GET /api/user/5f6a01388420d60e0cbe8a9a HTTP/1.1" 200 243 "http://localhost:8000/" "Mozilla/5.0 (Windows NT 10.0; Win64; x64) AppleWebKit/537.36 (KHTML, like Gecko) Chrome/86.0.4240.111 Safari/537.36"
::1 - - [04/Nov/2020:16:38:54 +0000] "PUT /api/user/5f6a01388420d60e0cbe8a9a HTTP/1.1" 200 90 "http://localhost:8000/" "Mozilla/5.0 (Windows NT 10.0; Win64; x64) AppleWebKit/537.36 (KHTML, like Gecko) Chrome/86.0.4240.111 Safari/537.36"
::1 - - [04/Nov/2020:16:39:09 +0000] "GET /api/user/5f6a01388420d60e0cbe8a9a HTTP/1.1" 200 243 "http://localhost:8000/" "Mozilla/5.0 (Windows NT 10.0; Win64; x64) AppleWebKit/537.36 (KHTML, like Gecko) Chrome/86.0.4240.111 Safari/537.36"
::1 - - [04/Nov/2020:16:39:12 +0000] "PUT /api/user/5f6a01388420d60e0cbe8a9a HTTP/1.1" 400 30 "http://localhost:8000/" "Mozilla/5.0 (Windows NT 10.0; Win64; x64) AppleWebKit/537.36 (KHTML, like Gecko) Chrome/86.0.4240.111 Safari/537.36"
::1 - - [04/Nov/2020:16:39:46 +0000] "GET /api/users HTTP/1.1" 200 1414 "http://localhost:8000/" "Mozilla/5.0 (Windows NT 10.0; Win64; x64) AppleWebKit/537.36 (KHTML, like Gecko) Chrome/86.0.4240.111 Safari/537.36"
::1 - - [04/Nov/2020:16:39:50 +0000] "GET /api/user/5f6a01388420d60e0cbe8a9a HTTP/1.1" 304 - "http://localhost:8000/" "Mozilla/5.0 (Windows NT 10.0; Win64; x64) AppleWebKit/537.36 (KHTML, like Gecko) Chrome/86.0.4240.111 Safari/537.36"
::1 - - [04/Nov/2020:16:39:54 +0000] "PUT /api/user/5f6a01388420d60e0cbe8a9a HTTP/1.1" 400 82 "http://localhost:8000/" "Mozilla/5.0 (Windows NT 10.0; Win64; x64) AppleWebKit/537.36 (KHTML, like Gecko) Chrome/86.0.4240.111 Safari/537.36"
::1 - - [04/Nov/2020:16:49:35 +0000] "PUT /api/user/5f6a01388420d60e0cbe8a9a HTTP/1.1" 400 82 "http://localhost:8000/" "Mozilla/5.0 (Windows NT 10.0; Win64; x64) AppleWebKit/537.36 (KHTML, like Gecko) Chrome/86.0.4240.111 Safari/537.36"
::1 - - [04/Nov/2020:16:49:40 +0000] "GET /api/user/5f6a01388420d60e0cbe8a9a HTTP/1.1" 304 - "http://localhost:8000/" "Mozilla/5.0 (Windows NT 10.0; Win64; x64) AppleWebKit/537.36 (KHTML, like Gecko) Chrome/86.0.4240.111 Safari/537.36"
::1 - - [04/Nov/2020:16:49:43 +0000] "PUT /api/user/5f6a01388420d60e0cbe8a9a HTTP/1.1" 200 90 "http://localhost:8000/" "Mozilla/5.0 (Windows NT 10.0; Win64; x64) AppleWebKit/537.36 (KHTML, like Gecko) Chrome/86.0.4240.111 Safari/537.36"
::1 - - [04/Nov/2020:16:49:52 +0000] "POST /api/login HTTP/1.1" 400 57 "http://localhost:8000/" "Mozilla/5.0 (Windows NT 10.0; Win64; x64) AppleWebKit/537.36 (KHTML, like Gecko) Chrome/86.0.4240.111 Safari/537.36"
::1 - - [04/Nov/2020:16:50:06 +0000] "POST /api/login HTTP/1.1" 400 28 "http://localhost:8000/" "Mozilla/5.0 (Windows NT 10.0; Win64; x64) AppleWebKit/537.36 (KHTML, like Gecko) Chrome/86.0.4240.111 Safari/537.36"
::1 - - [04/Nov/2020:16:50:18 +0000] "GET /api/users HTTP/1.1" 304 - "http://localhost:8000/" "Mozilla/5.0 (Windows NT 10.0; Win64; x64) AppleWebKit/537.36 (KHTML, like Gecko) Chrome/86.0.4240.111 Safari/537.36"
::1 - - [04/Nov/2020:16:51:55 +0000] "GET /api/user/5f6a01388420d60e0cbe8a9a HTTP/1.1" 200 243 "http://localhost:8000/" "Mozilla/5.0 (Windows NT 10.0; Win64; x64) AppleWebKit/537.36 (KHTML, like Gecko) Chrome/86.0.4240.111 Safari/537.36"
::1 - - [04/Nov/2020:16:51:58 +0000] "PUT /api/user/5f6a01388420d60e0cbe8a9a HTTP/1.1" 200 90 "http://localhost:8000/" "Mozilla/5.0 (Windows NT 10.0; Win64; x64) AppleWebKit/537.36 (KHTML, like Gecko) Chrome/86.0.4240.111 Safari/537.36"
::1 - - [04/Nov/2020:16:54:27 +0000] "GET /api/user/5f6a01388420d60e0cbe8a9a HTTP/1.1" 200 243 "http://localhost:8000/" "Mozilla/5.0 (Windows NT 10.0; Win64; x64) AppleWebKit/537.36 (KHTML, like Gecko) Chrome/86.0.4240.111 Safari/537.36"
::1 - - [04/Nov/2020:16:55:02 +0000] "GET /api/users HTTP/1.1" 304 - "http://localhost:8000/" "Mozilla/5.0 (Windows NT 10.0; Win64; x64) AppleWebKit/537.36 (KHTML, like Gecko) Chrome/86.0.4240.111 Safari/537.36"
::1 - - [04/Nov/2020:16:55:04 +0000] "GET /api/user/5f6a01388420d60e0cbe8a9a HTTP/1.1" 304 - "http://localhost:8000/" "Mozilla/5.0 (Windows NT 10.0; Win64; x64) AppleWebKit/537.36 (KHTML, like Gecko) Chrome/86.0.4240.111 Safari/537.36"
::1 - - [04/Nov/2020:16:55:26 +0000] "GET /api/user/5f6a01388420d60e0cbe8a9a HTTP/1.1" 304 - "http://localhost:8000/" "Mozilla/5.0 (Windows NT 10.0; Win64; x64) AppleWebKit/537.36 (KHTML, like Gecko) Chrome/86.0.4240.111 Safari/537.36"
::1 - - [04/Nov/2020:16:55:31 +0000] "PUT /api/user/5f6a01388420d60e0cbe8a9a HTTP/1.1" 200 90 "http://localhost:8000/" "Mozilla/5.0 (Windows NT 10.0; Win64; x64) AppleWebKit/537.36 (KHTML, like Gecko) Chrome/86.0.4240.111 Safari/537.36"
::1 - - [04/Nov/2020:16:55:38 +0000] "GET /api/user/5f6a01388420d60e0cbe8a9a HTTP/1.1" 200 243 "http://localhost:8000/" "Mozilla/5.0 (Windows NT 10.0; Win64; x64) AppleWebKit/537.36 (KHTML, like Gecko) Chrome/86.0.4240.111 Safari/537.36"
::1 - - [04/Nov/2020:16:55:40 +0000] "PUT /api/user/5f6a01388420d60e0cbe8a9a HTTP/1.1" 200 90 "http://localhost:8000/" "Mozilla/5.0 (Windows NT 10.0; Win64; x64) AppleWebKit/537.36 (KHTML, like Gecko) Chrome/86.0.4240.111 Safari/537.36"
::1 - - [04/Nov/2020:16:58:25 +0000] "GET /api/user/5f6a01388420d60e0cbe8a9a HTTP/1.1" 200 243 "http://localhost:8000/" "Mozilla/5.0 (Windows NT 10.0; Win64; x64) AppleWebKit/537.36 (KHTML, like Gecko) Chrome/86.0.4240.111 Safari/537.36"
::1 - - [04/Nov/2020:16:58:51 +0000] "PUT /api/user/5f6a01388420d60e0cbe8a9a HTTP/1.1" 200 90 "http://localhost:8000/" "Mozilla/5.0 (Windows NT 10.0; Win64; x64) AppleWebKit/537.36 (KHTML, like Gecko) Chrome/86.0.4240.111 Safari/537.36"
::1 - - [04/Nov/2020:16:58:56 +0000] "PUT /api/user/5f6a01388420d60e0cbe8a9a HTTP/1.1" 400 187 "http://localhost:8000/" "Mozilla/5.0 (Windows NT 10.0; Win64; x64) AppleWebKit/537.36 (KHTML, like Gecko) Chrome/86.0.4240.111 Safari/537.36"
::1 - - [04/Nov/2020:16:59:33 +0000] "GET /api/user/5f6a01388420d60e0cbe8a9a HTTP/1.1" 200 243 "http://localhost:8000/" "Mozilla/5.0 (Windows NT 10.0; Win64; x64) AppleWebKit/537.36 (KHTML, like Gecko) Chrome/86.0.4240.111 Safari/537.36"
::1 - - [04/Nov/2020:16:59:36 +0000] "PUT /api/user/5f6a01388420d60e0cbe8a9a HTTP/1.1" 400 42 "http://localhost:8000/" "Mozilla/5.0 (Windows NT 10.0; Win64; x64) AppleWebKit/537.36 (KHTML, like Gecko) Chrome/86.0.4240.111 Safari/537.36"
::1 - - [04/Nov/2020:17:00:07 +0000] "PUT /api/user/5f6a01388420d60e0cbe8a9a HTTP/1.1" 400 128 "http://localhost:8000/" "Mozilla/5.0 (Windows NT 10.0; Win64; x64) AppleWebKit/537.36 (KHTML, like Gecko) Chrome/86.0.4240.111 Safari/537.36"
::1 - - [04/Nov/2020:17:00:24 +0000] "PUT /api/user/5f6a01388420d60e0cbe8a9a HTTP/1.1" 400 42 "http://localhost:8000/" "Mozilla/5.0 (Windows NT 10.0; Win64; x64) AppleWebKit/537.36 (KHTML, like Gecko) Chrome/86.0.4240.111 Safari/537.36"
::1 - - [04/Nov/2020:17:00:32 +0000] "PUT /api/user/5f6a01388420d60e0cbe8a9a HTTP/1.1" 200 90 "http://localhost:8000/" "Mozilla/5.0 (Windows NT 10.0; Win64; x64) AppleWebKit/537.36 (KHTML, like Gecko) Chrome/86.0.4240.111 Safari/537.36"
::1 - - [04/Nov/2020:17:07:15 +0000] "GET /api/user/5f6a01388420d60e0cbe8a9a HTTP/1.1" 200 239 "http://localhost:8000/" "Mozilla/5.0 (Windows NT 10.0; Win64; x64) AppleWebKit/537.36 (KHTML, like Gecko) Chrome/86.0.4240.111 Safari/537.36"
::1 - - [04/Nov/2020:17:07:20 +0000] "PUT /api/user/5f6a01388420d60e0cbe8a9a HTTP/1.1" 200 90 "http://localhost:8000/" "Mozilla/5.0 (Windows NT 10.0; Win64; x64) AppleWebKit/537.36 (KHTML, like Gecko) Chrome/86.0.4240.111 Safari/537.36"
::1 - - [04/Nov/2020:17:08:37 +0000] "GET /api/user/5f6a01388420d60e0cbe8a9a HTTP/1.1" 200 239 "http://localhost:8000/" "Mozilla/5.0 (Windows NT 10.0; Win64; x64) AppleWebKit/537.36 (KHTML, like Gecko) Chrome/86.0.4240.111 Safari/537.36"
::1 - - [04/Nov/2020:17:09:15 +0000] "GET /api/user/5f6a01388420d60e0cbe8a9a HTTP/1.1" 304 - "http://localhost:8000/" "Mozilla/5.0 (Windows NT 10.0; Win64; x64) AppleWebKit/537.36 (KHTML, like Gecko) Chrome/86.0.4240.111 Safari/537.36"
::1 - - [04/Nov/2020:17:09:16 +0000] "PUT /api/user/5f6a01388420d60e0cbe8a9a HTTP/1.1" 200 90 "http://localhost:8000/" "Mozilla/5.0 (Windows NT 10.0; Win64; x64) AppleWebKit/537.36 (KHTML, like Gecko) Chrome/86.0.4240.111 Safari/537.36"
::1 - - [04/Nov/2020:17:09:45 +0000] "GET /api/user/5f6a01388420d60e0cbe8a9a HTTP/1.1" 200 239 "http://localhost:8000/" "Mozilla/5.0 (Windows NT 10.0; Win64; x64) AppleWebKit/537.36 (KHTML, like Gecko) Chrome/86.0.4240.111 Safari/537.36"
::1 - - [04/Nov/2020:17:09:47 +0000] "PUT /api/user/5f6a01388420d60e0cbe8a9a HTTP/1.1" 200 90 "http://localhost:8000/" "Mozilla/5.0 (Windows NT 10.0; Win64; x64) AppleWebKit/537.36 (KHTML, like Gecko) Chrome/86.0.4240.111 Safari/537.36"
::1 - - [04/Nov/2020:17:10:26 +0000] "GET /api/user/5f6a01388420d60e0cbe8a9a HTTP/1.1" 200 239 "http://localhost:8000/" "Mozilla/5.0 (Windows NT 10.0; Win64; x64) AppleWebKit/537.36 (KHTML, like Gecko) Chrome/86.0.4240.111 Safari/537.36"
::1 - - [04/Nov/2020:17:10:28 +0000] "PUT /api/user/5f6a01388420d60e0cbe8a9a HTTP/1.1" 200 90 "http://localhost:8000/" "Mozilla/5.0 (Windows NT 10.0; Win64; x64) AppleWebKit/537.36 (KHTML, like Gecko) Chrome/86.0.4240.111 Safari/537.36"
::1 - - [04/Nov/2020:17:10:36 +0000] "GET /api/user/5f6a01388420d60e0cbe8a9a HTTP/1.1" 200 239 "http://localhost:8000/" "Mozilla/5.0 (Windows NT 10.0; Win64; x64) AppleWebKit/537.36 (KHTML, like Gecko) Chrome/86.0.4240.111 Safari/537.36"
::1 - - [04/Nov/2020:17:10:37 +0000] "PUT /api/user/5f6a01388420d60e0cbe8a9a HTTP/1.1" 200 90 "http://localhost:8000/" "Mozilla/5.0 (Windows NT 10.0; Win64; x64) AppleWebKit/537.36 (KHTML, like Gecko) Chrome/86.0.4240.111 Safari/537.36"
::1 - - [04/Nov/2020:17:11:09 +0000] "GET /api/user/5f6a01388420d60e0cbe8a9a HTTP/1.1" 200 239 "http://localhost:8000/" "Mozilla/5.0 (Windows NT 10.0; Win64; x64) AppleWebKit/537.36 (KHTML, like Gecko) Chrome/86.0.4240.111 Safari/537.36"
::1 - - [04/Nov/2020:17:11:44 +0000] "GET /api/user/5f6a01388420d60e0cbe8a9a HTTP/1.1" 304 - "http://localhost:8000/" "Mozilla/5.0 (Windows NT 10.0; Win64; x64) AppleWebKit/537.36 (KHTML, like Gecko) Chrome/86.0.4240.111 Safari/537.36"
::1 - - [04/Nov/2020:17:11:45 +0000] "PUT /api/user/5f6a01388420d60e0cbe8a9a HTTP/1.1" 200 90 "http://localhost:8000/" "Mozilla/5.0 (Windows NT 10.0; Win64; x64) AppleWebKit/537.36 (KHTML, like Gecko) Chrome/86.0.4240.111 Safari/537.36"
::1 - - [04/Nov/2020:17:14:04 +0000] "PUT /api/user/5f6a01388420d60e0cbe8a9a HTTP/1.1" 400 187 "http://localhost:8000/" "Mozilla/5.0 (Windows NT 10.0; Win64; x64) AppleWebKit/537.36 (KHTML, like Gecko) Chrome/86.0.4240.111 Safari/537.36"
::1 - - [04/Nov/2020:17:14:39 +0000] "GET /api/user/5f6a01388420d60e0cbe8a9a HTTP/1.1" 200 239 "http://localhost:8000/" "Mozilla/5.0 (Windows NT 10.0; Win64; x64) AppleWebKit/537.36 (KHTML, like Gecko) Chrome/86.0.4240.111 Safari/537.36"
::1 - - [04/Nov/2020:17:14:40 +0000] "PUT /api/user/5f6a01388420d60e0cbe8a9a HTTP/1.1" 200 90 "http://localhost:8000/" "Mozilla/5.0 (Windows NT 10.0; Win64; x64) AppleWebKit/537.36 (KHTML, like Gecko) Chrome/86.0.4240.111 Safari/537.36"
::1 - - [04/Nov/2020:17:14:42 +0000] "PUT /api/user/5f6a01388420d60e0cbe8a9a HTTP/1.1" 400 187 "http://localhost:8000/" "Mozilla/5.0 (Windows NT 10.0; Win64; x64) AppleWebKit/537.36 (KHTML, like Gecko) Chrome/86.0.4240.111 Safari/537.36"
::1 - - [04/Nov/2020:17:14:54 +0000] "PUT /api/user/5f6a01388420d60e0cbe8a9a HTTP/1.1" 400 273 "http://localhost:8000/" "Mozilla/5.0 (Windows NT 10.0; Win64; x64) AppleWebKit/537.36 (KHTML, like Gecko) Chrome/86.0.4240.111 Safari/537.36"
::1 - - [04/Nov/2020:17:15:55 +0000] "GET /api/user/5f6a01388420d60e0cbe8a9a HTTP/1.1" 200 239 "http://localhost:8000/" "Mozilla/5.0 (Windows NT 10.0; Win64; x64) AppleWebKit/537.36 (KHTML, like Gecko) Chrome/86.0.4240.111 Safari/537.36"
::1 - - [04/Nov/2020:17:16:04 +0000] "GET /api/user/5f6a01388420d60e0cbe8a9a HTTP/1.1" 304 - "http://localhost:8000/" "Mozilla/5.0 (Windows NT 10.0; Win64; x64) AppleWebKit/537.36 (KHTML, like Gecko) Chrome/86.0.4240.111 Safari/537.36"
::1 - - [04/Nov/2020:17:16:07 +0000] "PUT /api/user/5f6a01388420d60e0cbe8a9a HTTP/1.1" 200 90 "http://localhost:8000/" "Mozilla/5.0 (Windows NT 10.0; Win64; x64) AppleWebKit/537.36 (KHTML, like Gecko) Chrome/86.0.4240.111 Safari/537.36"
::1 - - [04/Nov/2020:17:16:12 +0000] "GET /api/user/5f6a01388420d60e0cbe8a9a HTTP/1.1" 200 239 "http://localhost:8000/" "Mozilla/5.0 (Windows NT 10.0; Win64; x64) AppleWebKit/537.36 (KHTML, like Gecko) Chrome/86.0.4240.111 Safari/537.36"
::1 - - [04/Nov/2020:17:16:27 +0000] "PUT /api/user/5f6a01388420d60e0cbe8a9a HTTP/1.1" 200 90 "http://localhost:8000/" "Mozilla/5.0 (Windows NT 10.0; Win64; x64) AppleWebKit/537.36 (KHTML, like Gecko) Chrome/86.0.4240.111 Safari/537.36"
::1 - - [04/Nov/2020:17:16:32 +0000] "PUT /api/user/5f6a01388420d60e0cbe8a9a HTTP/1.1" 400 273 "http://localhost:8000/" "Mozilla/5.0 (Windows NT 10.0; Win64; x64) AppleWebKit/537.36 (KHTML, like Gecko) Chrome/86.0.4240.111 Safari/537.36"
::1 - - [04/Nov/2020:17:16:47 +0000] "GET /api/user/5f6a01388420d60e0cbe8a9a HTTP/1.1" 200 239 "http://localhost:8000/" "Mozilla/5.0 (Windows NT 10.0; Win64; x64) AppleWebKit/537.36 (KHTML, like Gecko) Chrome/86.0.4240.111 Safari/537.36"
::1 - - [04/Nov/2020:17:16:50 +0000] "PUT /api/user/5f6a01388420d60e0cbe8a9a HTTP/1.1" 200 90 "http://localhost:8000/" "Mozilla/5.0 (Windows NT 10.0; Win64; x64) AppleWebKit/537.36 (KHTML, like Gecko) Chrome/86.0.4240.111 Safari/537.36"
::1 - - [04/Nov/2020:17:17:03 +0000] "GET /api/user/5f6a01388420d60e0cbe8a9a HTTP/1.1" 200 239 "http://localhost:8000/" "Mozilla/5.0 (Windows NT 10.0; Win64; x64) AppleWebKit/537.36 (KHTML, like Gecko) Chrome/86.0.4240.111 Safari/537.36"
::1 - - [04/Nov/2020:17:17:05 +0000] "PUT /api/user/5f6a01388420d60e0cbe8a9a HTTP/1.1" 200 90 "http://localhost:8000/" "Mozilla/5.0 (Windows NT 10.0; Win64; x64) AppleWebKit/537.36 (KHTML, like Gecko) Chrome/86.0.4240.111 Safari/537.36"
::1 - - [04/Nov/2020:17:17:14 +0000] "GET /api/user/5f6a01388420d60e0cbe8a9a HTTP/1.1" 200 239 "http://localhost:8000/" "Mozilla/5.0 (Windows NT 10.0; Win64; x64) AppleWebKit/537.36 (KHTML, like Gecko) Chrome/86.0.4240.111 Safari/537.36"
::1 - - [04/Nov/2020:17:18:33 +0000] "POST /api/register HTTP/1.1" 400 245 "http://localhost:8000/" "Mozilla/5.0 (Windows NT 10.0; Win64; x64) AppleWebKit/537.36 (KHTML, like Gecko) Chrome/86.0.4240.111 Safari/537.36"
::1 - - [04/Nov/2020:17:18:46 +0000] "GET /api/users HTTP/1.1" 200 1410 "http://localhost:8000/" "Mozilla/5.0 (Windows NT 10.0; Win64; x64) AppleWebKit/537.36 (KHTML, like Gecko) Chrome/86.0.4240.111 Safari/537.36"
::1 - - [04/Nov/2020:17:18:48 +0000] "GET /api/user/5f6a01388420d60e0cbe8a9a HTTP/1.1" 304 - "http://localhost:8000/" "Mozilla/5.0 (Windows NT 10.0; Win64; x64) AppleWebKit/537.36 (KHTML, like Gecko) Chrome/86.0.4240.111 Safari/537.36"
::1 - - [04/Nov/2020:17:18:51 +0000] "PUT /api/user/5f6a01388420d60e0cbe8a9a HTTP/1.1" 200 90 "http://localhost:8000/" "Mozilla/5.0 (Windows NT 10.0; Win64; x64) AppleWebKit/537.36 (KHTML, like Gecko) Chrome/86.0.4240.111 Safari/537.36"
::1 - - [04/Nov/2020:17:19:03 +0000] "POST /api/login HTTP/1.1" 400 28 "http://localhost:8000/" "Mozilla/5.0 (Windows NT 10.0; Win64; x64) AppleWebKit/537.36 (KHTML, like Gecko) Chrome/86.0.4240.111 Safari/537.36"
::1 - - [04/Nov/2020:17:19:04 +0000] "POST /api/login HTTP/1.1" 400 28 "http://localhost:8000/" "Mozilla/5.0 (Windows NT 10.0; Win64; x64) AppleWebKit/537.36 (KHTML, like Gecko) Chrome/86.0.4240.111 Safari/537.36"
::1 - - [04/Nov/2020:17:19:10 +0000] "POST /api/login HTTP/1.1" 400 32 "http://localhost:8000/" "Mozilla/5.0 (Windows NT 10.0; Win64; x64) AppleWebKit/537.36 (KHTML, like Gecko) Chrome/86.0.4240.111 Safari/537.36"
::1 - - [04/Nov/2020:17:19:12 +0000] "POST /api/login HTTP/1.1" 400 32 "http://localhost:8000/" "Mozilla/5.0 (Windows NT 10.0; Win64; x64) AppleWebKit/537.36 (KHTML, like Gecko) Chrome/86.0.4240.111 Safari/537.36"
::1 - - [04/Nov/2020:17:19:18 +0000] "GET /api/users HTTP/1.1" 304 - "http://localhost:8000/" "Mozilla/5.0 (Windows NT 10.0; Win64; x64) AppleWebKit/537.36 (KHTML, like Gecko) Chrome/86.0.4240.111 Safari/537.36"
::1 - - [04/Nov/2020:17:20:27 +0000] "GET /api/user/5f6a01388420d60e0cbe8a9as HTTP/1.1" 400 152 "http://localhost:8000/" "Mozilla/5.0 (Windows NT 10.0; Win64; x64) AppleWebKit/537.36 (KHTML, like Gecko) Chrome/86.0.4240.111 Safari/537.36"
::1 - - [04/Nov/2020:17:20:42 +0000] "GET /api/user/5f6a01388420d6sdfa9as HTTP/1.1" 400 144 "http://localhost:8000/" "Mozilla/5.0 (Windows NT 10.0; Win64; x64) AppleWebKit/537.36 (KHTML, like Gecko) Chrome/86.0.4240.111 Safari/537.36"
::1 - - [04/Nov/2020:17:21:10 +0000] "GET /api/user/5f6a01388420d60e0cbe8a9a HTTP/1.1" 200 239 "http://localhost:8000/" "Mozilla/5.0 (Windows NT 10.0; Win64; x64) AppleWebKit/537.36 (KHTML, like Gecko) Chrome/86.0.4240.111 Safari/537.36"
::1 - - [04/Nov/2020:17:22:08 +0000] "PUT /api/user/5f6a01388420d60e0cbe8a9a HTTP/1.1" 200 90 "http://localhost:8000/" "Mozilla/5.0 (Windows NT 10.0; Win64; x64) AppleWebKit/537.36 (KHTML, like Gecko) Chrome/86.0.4240.111 Safari/537.36"
::1 - - [04/Nov/2020:17:22:22 +0000] "PUT /api/user/5f6a01388420d60e0cbe8a9a HTTP/1.1" 400 273 "http://localhost:8000/" "Mozilla/5.0 (Windows NT 10.0; Win64; x64) AppleWebKit/537.36 (KHTML, like Gecko) Chrome/86.0.4240.111 Safari/537.36"
::1 - - [04/Nov/2020:17:27:27 +0000] "GET /api/users HTTP/1.1" 304 - "http://localhost:8000/" "Mozilla/5.0 (Windows NT 10.0; Win64; x64) AppleWebKit/537.36 (KHTML, like Gecko) Chrome/86.0.4240.111 Safari/537.36"
::1 - - [04/Nov/2020:17:29:12 +0000] "GET /api/users HTTP/1.1" 304 - "http://localhost:8000/" "Mozilla/5.0 (Windows NT 10.0; Win64; x64) AppleWebKit/537.36 (KHTML, like Gecko) Chrome/86.0.4240.111 Safari/537.36"
::1 - - [04/Nov/2020:17:29:21 +0000] "GET /api/user/5f6a008f5c5eb91f64a648ce HTTP/1.1" 304 - "http://localhost:8000/" "Mozilla/5.0 (Windows NT 10.0; Win64; x64) AppleWebKit/537.36 (KHTML, like Gecko) Chrome/86.0.4240.111 Safari/537.36"
::1 - - [04/Nov/2020:17:29:23 +0000] "PUT /api/user/5f6a008f5c5eb91f64a648ce HTTP/1.1" 200 90 "http://localhost:8000/" "Mozilla/5.0 (Windows NT 10.0; Win64; x64) AppleWebKit/537.36 (KHTML, like Gecko) Chrome/86.0.4240.111 Safari/537.36"
::1 - - [04/Nov/2020:17:32:15 +0000] "GET /api/user/5f6a008f5c5eb91f64a648ce HTTP/1.1" 200 261 "http://localhost:8000/" "Mozilla/5.0 (Windows NT 10.0; Win64; x64) AppleWebKit/537.36 (KHTML, like Gecko) Chrome/86.0.4240.111 Safari/537.36"
::1 - - [04/Nov/2020:17:36:07 +0000] "GET /api/user/5f6a008f5c5eb91f64a648ce HTTP/1.1" 304 - "http://localhost:8000/" "Mozilla/5.0 (Windows NT 10.0; Win64; x64) AppleWebKit/537.36 (KHTML, like Gecko) Chrome/86.0.4240.111 Safari/537.36"
